{
  "RSpec": {
    "coverage": {
      "/Users/yigitcan/Desktop/cloudarena/tefeci/app/controllers/application_controller.rb": [
        1,
        1,
        1,
        null,
        1,
        null,
        null,
        1,
        45,
        null,
        null,
        null,
        1,
        34,
        0,
        null,
        null,
        null
      ],
      "/Users/yigitcan/Desktop/cloudarena/tefeci/app/helpers/application_helper.rb": [
        1,
        null
      ],
      "/Users/yigitcan/Desktop/cloudarena/tefeci/app/helpers/credits_helper.rb": [
        1,
        null
      ],
      "/Users/yigitcan/Desktop/cloudarena/tefeci/app/helpers/friends_helper.rb": [
        1,
        null
      ],
      "/Users/yigitcan/Desktop/cloudarena/tefeci/app/helpers/home_helper.rb": [
        1,
        null
      ],
      "/Users/yigitcan/Desktop/cloudarena/tefeci/app/helpers/odenen_helper.rb": [
        1,
        null
      ],
      "/Users/yigitcan/Desktop/cloudarena/tefeci/app/helpers/odenmeyen_helper.rb": [
        1,
        null
      ],
      "/Users/yigitcan/Desktop/cloudarena/tefeci/app/helpers/users_helper.rb": [
        1,
        null
      ],
      "/Users/yigitcan/Desktop/cloudarena/tefeci/app/controllers/credits_controller.rb": [
        1,
        null,
        null,
        1,
        1,
        null,
        null,
        1,
        null,
        1,
        1,
        1,
        null,
        null,
        null,
        null,
        null,
        1,
        null,
        1,
        null,
        1,
        1,
        1,
        null,
        null,
        null,
        null,
        null,
        1,
        1,
        1,
        1,
        1,
        1,
        null,
        null,
        null,
        null,
        1,
        1,
        1,
        null,
        null,
        null,
        null,
        1,
        7,
        7,
        7,
        7,
        12,
        6,
        null,
        2,
        1,
        null,
        null,
        null,
        null,
        null,
        null,
        1,
        3,
        3,
        3,
        3,
        2,
        1,
        null,
        4,
        2,
        null,
        null,
        null,
        null,
        null,
        null,
        1,
        2,
        2,
        2,
        null,
        2,
        4,
        2,
        null,
        null,
        null
      ],
      "/Users/yigitcan/Desktop/cloudarena/tefeci/app/models/credit.rb": [
        1,
        null,
        1,
        1,
        1,
        1,
        null,
        1,
        1,
        null,
        null
      ],
      "/Users/yigitcan/Desktop/cloudarena/tefeci/app/controllers/friends_controller.rb": [
        1,
        null,
        null,
        1,
        null,
        null,
        null,
        1,
        null,
        2,
        null,
        2,
        2,
        2,
        null,
        null,
        null,
        null,
        null,
        1,
        null,
        null,
        1,
        1,
        1,
        1,
        1,
        null,
        null,
        null,
        null,
        null,
        null,
        null,
        null,
        1,
        1,
        null,
        1,
        1,
        1,
        null,
        null,
        null,
        null,
        1,
        1,
        null,
        null,
        null,
        null,
        1,
        2,
        null,
        2,
        2,
        null,
        2,
        1,
        null,
        2,
        1,
        null,
        null,
        null,
        null,
        null,
        null,
        1,
        3,
        null,
        3,
        3,
        4,
        2,
        null,
        2,
        1,
        null,
        null,
        null,
        null,
        1,
        1,
        null,
        1,
        0,
        0,
        0,
        null,
        null,
        null,
        null,
        null,
        null,
        1,
        null,
        2,
        null,
        2,
        null,
        2,
        0,
        null,
        2,
        null,
        null,
        2,
        4,
        2,
        null,
        null,
        null
      ],
      "/Users/yigitcan/Desktop/cloudarena/tefeci/app/models/friend.rb": [
        null,
        1,
        1,
        1,
        1,
        1,
        1,
        1,
        null,
        null,
        null,
        null
      ],
      "/Users/yigitcan/Desktop/cloudarena/tefeci/app/controllers/home_controller.rb": [
        1,
        null,
        null,
        1,
        null,
        null,
        null,
        null,
        null,
        null
      ],
      "/Users/yigitcan/Desktop/cloudarena/tefeci/app/controllers/odenen_controller.rb": [
        1,
        null,
        1,
        1,
        1,
        1,
        1,
        1,
        1,
        null,
        null,
        null,
        null,
        null,
        null,
        null
      ],
      "/Users/yigitcan/Desktop/cloudarena/tefeci/app/models/odenen.rb": [
        1,
        null,
        null,
        null,
        null,
        null
      ],
      "/Users/yigitcan/Desktop/cloudarena/tefeci/app/controllers/odenmeyen_controller.rb": [
        1,
        1,
        null,
        1,
        null,
        null,
        1,
        1,
        null,
        null,
        null,
        null,
        null,
        null
      ],
      "/Users/yigitcan/Desktop/cloudarena/tefeci/app/models/odenmeyen.rb": [
        1,
        null,
        null,
        null,
        null,
        null
      ],
      "/Users/yigitcan/Desktop/cloudarena/tefeci/app/controllers/sessions_controller.rb": [
        1,
        null,
        null,
        null,
        null,
        1,
        1,
        1,
        1,
        1,
        1,
        null,
        0,
        0,
        0,
        null,
        0,
        0,
        0,
        null,
        null,
        null,
        1,
        0,
        0,
        null,
        null
      ],
      "/Users/yigitcan/Desktop/cloudarena/tefeci/app/controllers/tweets_controller.rb": [
        1,
        null,
        1,
        null,
        null,
        1,
        1,
        1,
        1,
        1,
        1,
        1,
        null,
        1,
        0,
        null,
        null,
        null,
        null,
        null,
        null
      ],
      "/Users/yigitcan/Desktop/cloudarena/tefeci/app/controllers/users_controller.rb": [
        1,
        null,
        null,
        1,
        null,
        1,
        null,
        2,
        1,
        null,
        1,
        null,
        2,
        2,
        2,
        null,
        null,
        null,
        null,
        null,
        null,
        1,
        0,
        null,
        0,
        0,
        0,
        null,
        null,
        null,
        null,
        null,
        1,
        0,
        null,
        0,
        0,
        0,
        null,
        null,
        null,
        null,
        1,
        0,
        null,
        null,
        null,
        null,
        1,
        0,
        null,
        0,
        0,
        0,
        0,
        null,
        0,
        0,
        null,
        null,
        null,
        null,
        null,
        null,
        1,
        0,
        null,
        0,
        0,
        0,
        0,
        null,
        0,
        0,
        null,
        null,
        null,
        null,
        null,
        null,
        1,
        0,
        0,
        null,
        0,
        0,
        0,
        null,
        null,
        null
      ],
      "/Users/yigitcan/Desktop/cloudarena/tefeci/app/models/user.rb": [
        1,
        null,
        1,
        1,
        null,
        1,
        0,
        0,
        0,
        0,
        null,
        null,
        null,
        null,
        null
      ],
      "/Users/yigitcan/Desktop/cloudarena/tefeci/app/mailers/user_mailer.rb": [
        1,
        1,
        1,
        1,
        null,
        1,
        1,
        null,
        1,
        null,
        null
      ]
    },
    "timestamp": 1340000251
  }
}
